0 info it worked if it ends with ok
1 verbose cli [ '/Users/mitchelldrohan/.nvm/versions/node/v6.11.0/bin/node',
1 verbose cli   '/Users/mitchelldrohan/.nvm/versions/node/v6.11.0/bin/npm',
1 verbose cli   'run',
1 verbose cli   'build-dev-serve-hot-reload' ]
2 info using npm@3.10.10
3 info using node@v6.11.0
4 verbose run-script [ 'prebuild-dev-serve-hot-reload',
4 verbose run-script   'build-dev-serve-hot-reload',
4 verbose run-script   'postbuild-dev-serve-hot-reload' ]
5 info lifecycle JSTextFormatter@2.21.1~prebuild-dev-serve-hot-reload: JSTextFormatter@2.21.1
6 silly lifecycle JSTextFormatter@2.21.1~prebuild-dev-serve-hot-reload: no script for prebuild-dev-serve-hot-reload, continuing
7 info lifecycle JSTextFormatter@2.21.1~build-dev-serve-hot-reload: JSTextFormatter@2.21.1
8 verbose lifecycle JSTextFormatter@2.21.1~build-dev-serve-hot-reload: unsafe-perm in lifecycle true
9 verbose lifecycle JSTextFormatter@2.21.1~build-dev-serve-hot-reload: PATH: /Users/mitchelldrohan/.nvm/versions/node/v6.11.0/lib/node_modules/npm/bin/node-gyp-bin:/Users/mitchelldrohan/jsTextFormatter/node_modules/.bin:/Users/mitchelldrohan/.nvm/versions/node/v6.11.0/lib/node_modules/npm/bin/node-gyp-bin:/Users/mitchelldrohan/jsTextFormatter/node_modules/.bin:/Users/mitchelldrohan/.nvm/versions/node/v6.11.0/bin:/Users/mitchelldrohan/.rbenv/shims:/Users/mitchelldrohan/.rbenv/bin:/usr/local/bin:/usr/bin:/bin:/usr/sbin:/sbin:/opt/X11/bin:/Users/mitchelldrohan/torch/install/bin/
10 verbose lifecycle JSTextFormatter@2.21.1~build-dev-serve-hot-reload: CWD: /Users/mitchelldrohan/jsTextFormatter
11 silly lifecycle JSTextFormatter@2.21.1~build-dev-serve-hot-reload: Args: [ '-c',
11 silly lifecycle   'echo "Building dev version of application (hot-reloaded) at http://localhost:3001 ..." && webpack --config webpack.dev.config.js --silent --hot --inline --port 3001 --content-base ./src/' ]
12 silly lifecycle JSTextFormatter@2.21.1~build-dev-serve-hot-reload: Returned: code: 2  signal: null
13 info lifecycle JSTextFormatter@2.21.1~build-dev-serve-hot-reload: Failed to exec build-dev-serve-hot-reload script
14 verbose stack Error: JSTextFormatter@2.21.1 build-dev-serve-hot-reload: `echo "Building dev version of application (hot-reloaded) at http://localhost:3001 ..." && webpack --config webpack.dev.config.js --silent --hot --inline --port 3001 --content-base ./src/`
14 verbose stack Exit status 2
14 verbose stack     at EventEmitter.<anonymous> (/Users/mitchelldrohan/.nvm/versions/node/v6.11.0/lib/node_modules/npm/lib/utils/lifecycle.js:255:16)
14 verbose stack     at emitTwo (events.js:106:13)
14 verbose stack     at EventEmitter.emit (events.js:191:7)
14 verbose stack     at ChildProcess.<anonymous> (/Users/mitchelldrohan/.nvm/versions/node/v6.11.0/lib/node_modules/npm/lib/utils/spawn.js:40:14)
14 verbose stack     at emitTwo (events.js:106:13)
14 verbose stack     at ChildProcess.emit (events.js:191:7)
14 verbose stack     at maybeClose (internal/child_process.js:891:16)
14 verbose stack     at Process.ChildProcess._handle.onexit (internal/child_process.js:226:5)
15 verbose pkgid JSTextFormatter@2.21.1
16 verbose cwd /Users/mitchelldrohan/jsTextFormatter
17 error Darwin 17.6.0
18 error argv "/Users/mitchelldrohan/.nvm/versions/node/v6.11.0/bin/node" "/Users/mitchelldrohan/.nvm/versions/node/v6.11.0/bin/npm" "run" "build-dev-serve-hot-reload"
19 error node v6.11.0
20 error npm  v3.10.10
21 error code ELIFECYCLE
22 error JSTextFormatter@2.21.1 build-dev-serve-hot-reload: `echo "Building dev version of application (hot-reloaded) at http://localhost:3001 ..." && webpack --config webpack.dev.config.js --silent --hot --inline --port 3001 --content-base ./src/`
22 error Exit status 2
23 error Failed at the JSTextFormatter@2.21.1 build-dev-serve-hot-reload script 'echo "Building dev version of application (hot-reloaded) at http://localhost:3001 ..." && webpack --config webpack.dev.config.js --silent --hot --inline --port 3001 --content-base ./src/'.
23 error Make sure you have the latest version of node.js and npm installed.
23 error If you do, this is most likely a problem with the JSTextFormatter package,
23 error not with npm itself.
23 error Tell the author that this fails on your system:
23 error     echo "Building dev version of application (hot-reloaded) at http://localhost:3001 ..." && webpack --config webpack.dev.config.js --silent --hot --inline --port 3001 --content-base ./src/
23 error You can get information on how to open an issue for this project with:
23 error     npm bugs JSTextFormatter
23 error Or if that isn't available, you can get their info via:
23 error     npm owner ls JSTextFormatter
23 error There is likely additional logging output above.
24 verbose exit [ 1, true ]
